c:\program files (x86)\software development\mysticgolf (ubisoft api)\mysticgolf\x64\debug\mysticgolf.pch
c:\program files (x86)\software development\mysticgolf (ubisoft api)\mysticgolf\x64\debug\vc142.pdb
c:\program files (x86)\software development\mysticgolf (ubisoft api)\mysticgolf\x64\debug\vc142.idb
c:\program files (x86)\software development\mysticgolf (ubisoft api)\mysticgolf\x64\debug\stdafx.obj
c:\program files (x86)\software development\mysticgolf (ubisoft api)\mysticgolf\x64\debug\stb_image.obj
c:\program files (x86)\software development\mysticgolf (ubisoft api)\mysticgolf\x64\debug\miniaudio.obj
c:\program files (x86)\software development\mysticgolf (ubisoft api)\mysticgolf\x64\debug\game.obj
c:\program files (x86)\software development\mysticgolf (ubisoft api)\mysticgolf\x64\debug\whirlpool.obj
c:\program files (x86)\software development\mysticgolf (ubisoft api)\mysticgolf\x64\debug\wall.obj
c:\program files (x86)\software development\mysticgolf (ubisoft api)\mysticgolf\x64\debug\tower.obj
c:\program files (x86)\software development\mysticgolf (ubisoft api)\mysticgolf\x64\debug\rune.obj
c:\program files (x86)\software development\mysticgolf (ubisoft api)\mysticgolf\x64\debug\powerupmanager.obj
c:\program files (x86)\software development\mysticgolf (ubisoft api)\mysticgolf\x64\debug\levelgenerator.obj
c:\program files (x86)\software development\mysticgolf (ubisoft api)\mysticgolf\x64\debug\hole.obj
c:\program files (x86)\software development\mysticgolf (ubisoft api)\mysticgolf\x64\debug\golfball.obj
c:\program files (x86)\software development\mysticgolf (ubisoft api)\mysticgolf\x64\debug\aimarrow.obj
c:\program files (x86)\software development\mysticgolf (ubisoft api)\mysticgolf\x64\debug\simplesprite.obj
c:\program files (x86)\software development\mysticgolf (ubisoft api)\mysticgolf\x64\debug\simplesound.obj
c:\program files (x86)\software development\mysticgolf (ubisoft api)\mysticgolf\x64\debug\simplecontroller.obj
c:\program files (x86)\software development\mysticgolf (ubisoft api)\mysticgolf\x64\debug\main.obj
c:\program files (x86)\software development\mysticgolf (ubisoft api)\mysticgolf\x64\debug\app.obj
c:\program files (x86)\software development\mysticgolf (ubisoft api)\x64\debug\mysticgolf.exe
c:\program files (x86)\software development\mysticgolf (ubisoft api)\mysticgolf\x64\debug\mysticgolf.ilk
c:\program files (x86)\software development\mysticgolf (ubisoft api)\x64\debug\mysticgolf.pdb
c:\program files (x86)\software development\mysticgolf (ubisoft api)\mysticgolf\x64\debug\mysticgolf.tlog\cl.command.1.tlog
c:\program files (x86)\software development\mysticgolf (ubisoft api)\mysticgolf\x64\debug\mysticgolf.tlog\cl.read.1.tlog
c:\program files (x86)\software development\mysticgolf (ubisoft api)\mysticgolf\x64\debug\mysticgolf.tlog\cl.write.1.tlog
c:\program files (x86)\software development\mysticgolf (ubisoft api)\mysticgolf\x64\debug\mysticgolf.tlog\link.command.1.tlog
c:\program files (x86)\software development\mysticgolf (ubisoft api)\mysticgolf\x64\debug\mysticgolf.tlog\link.read.1.tlog
c:\program files (x86)\software development\mysticgolf (ubisoft api)\mysticgolf\x64\debug\mysticgolf.tlog\link.write.1.tlog
